{"numTotalTestSuites":2,"numPassedTestSuites":2,"numFailedTestSuites":0,"numPendingTestSuites":0,"numTotalTests":5,"numPassedTests":5,"numFailedTests":0,"numPendingTests":0,"numTodoTests":0,"snapshot":{"added":0,"failure":false,"filesAdded":0,"filesRemoved":0,"filesRemovedList":[],"filesUnmatched":0,"filesUpdated":0,"matched":0,"total":0,"unchecked":0,"uncheckedKeysByFile":[],"unmatched":0,"updated":0,"didUpdate":false},"startTime":1779206382783,"success":true,"testResults":[{"assertionResults":[{"ancestorTitles":["SSE catch-up on reconnect (Story 20)"],"fullName":"SSE catch-up on reconnect (Story 20) AC1: SSE events have an id: field that is a valid epoch-ms integer","status":"passed","title":"AC1: SSE events have an id: field that is a valid epoch-ms integer","duration":338.006214,"failureMessages":[],"meta":{}},{"ancestorTitles":["SSE catch-up on reconnect (Story 20)"],"fullName":"SSE catch-up on reconnect (Story 20) AC2: reconnect with Last-Event-ID replays messages with ID > supplied value","status":"passed","title":"AC2: reconnect with Last-Event-ID replays messages with ID > supplied value","duration":389.0057559999999,"failureMessages":[],"meta":{}},{"ancestorTitles":["SSE catch-up on reconnect (Story 20)"],"fullName":"SSE catch-up on reconnect (Story 20) AC3: connecting without Last-Event-ID header does not replay past messages","status":"passed","title":"AC3: connecting without Last-Event-ID header does not replay past messages","duration":672.175524,"failureMessages":[],"meta":{}},{"ancestorTitles":["SSE catch-up on reconnect (Story 20)"],"fullName":"SSE catch-up on reconnect (Story 20) AC4: Last-Event-ID older than 24h is ignored (no replay)","status":"passed","title":"AC4: Last-Event-ID older than 24h is ignored (no replay)","duration":684.8368759999998,"failureMessages":[],"meta":{}},{"ancestorTitles":["SSE catch-up on reconnect (Story 20)"],"fullName":"SSE catch-up on reconnect (Story 20) AC5: messages sent before and after drop are both received on reconnect in order","status":"passed","title":"AC5: messages sent before and after drop are both received on reconnect in order","duration":373.1142709999999,"failureMessages":[],"meta":{}}],"startTime":1779206387833,"endTime":1779206390291.1143,"status":"passed","message":"","name":"/home/peter/projects/kubeclaw/.claude/worktrees/agent-a64fdad4d2c8c4744/e2e/sse-catch-up.test.ts"}]}