{"numTotalTestSuites":15,"numPassedTestSuites":15,"numFailedTestSuites":0,"numPendingTestSuites":0,"numTotalTests":74,"numPassedTests":74,"numFailedTests":0,"numPendingTests":0,"numTodoTests":0,"snapshot":{"added":0,"failure":false,"filesAdded":0,"filesRemoved":0,"filesRemovedList":[],"filesUnmatched":0,"filesUpdated":0,"matched":0,"total":0,"unchecked":0,"uncheckedKeysByFile":[],"unmatched":0,"updated":0,"didUpdate":false},"startTime":1782106491014,"success":true,"testResults":[{"assertionResults":[{"ancestorTitles":["helm chart static checks"],"fullName":"helm chart static checks passes helm lint","status":"passed","title":"passes helm lint","duration":159.888333,"failureMessages":[],"meta":{}},{"ancestorTitles":["helm chart static checks"],"fullName":"helm chart static checks renders all expected resource kinds","status":"passed","title":"renders all expected resource kinds","duration":88.79377999999997,"failureMessages":[],"meta":{}},{"ancestorTitles":["helm chart static checks"],"fullName":"helm chart static checks imagePullPolicy is Always when image.registry is set","status":"passed","title":"imagePullPolicy is Always when image.registry is set","duration":90.98493399999995,"failureMessages":[],"meta":{}},{"ancestorTitles":["helm chart static checks"],"fullName":"helm chart static checks omits kubeclaw-secrets when existingSecret is set","status":"passed","title":"omits kubeclaw-secrets when existingSecret is set","duration":86.29459399999996,"failureMessages":[],"meta":{}},{"ancestorTitles":["helm chart static checks"],"fullName":"helm chart static checks omits NetworkPolicy when networkPolicy.enabled is false","status":"passed","title":"omits NetworkPolicy when networkPolicy.enabled is false","duration":89.90365999999995,"failureMessages":[],"meta":{}},{"ancestorTitles":["helm chart static checks"],"fullName":"helm chart static checks injects storageClassName when storage.storageClass is set","status":"passed","title":"injects storageClassName when storage.storageClass is set","duration":94.16485499999999,"failureMessages":[],"meta":{}},{"ancestorTitles":["helm chart static checks"],"fullName":"helm chart static checks uses ReadWriteMany for all group PVCs when accessMode is set","status":"passed","title":"uses ReadWriteMany for all group PVCs when accessMode is set","duration":90.64594899999997,"failureMessages":[],"meta":{}},{"ancestorTitles":["ClusterRoleBinding name is release-scoped (collision regression)"],"fullName":"ClusterRoleBinding name is release-scoped (collision regression) CRB name contains the release name (not hardcoded)","status":"passed","title":"CRB name contains the release name (not hardcoded)","duration":88.78893799999992,"failureMessages":[],"meta":{}},{"ancestorTitles":["ClusterRoleBinding name is release-scoped (collision regression)"],"fullName":"ClusterRoleBinding name is release-scoped (collision regression) two different release names produce two different CRB names","status":"passed","title":"two different release names produce two different CRB names","duration":189.00873899999988,"failureMessages":[],"meta":{}},{"ancestorTitles":["helm template — namespace isolation (story-165 regression)"],"fullName":"helm template — namespace isolation (story-165 regression) all namespace-scoped resources carry the --namespace value, never a hardcoded default","status":"passed","title":"all namespace-scoped resources carry the --namespace value, never a hardcoded default","duration":93.38361799999984,"failureMessages":[],"meta":{}},{"ancestorTitles":["helm template — namespace isolation (story-165 regression)"],"fullName":"helm template — namespace isolation (story-165 regression) two parallel installs into different namespaces produce non-overlapping resource namespaces","status":"passed","title":"two parallel installs into different namespaces produce non-overlapping resource namespaces","duration":181.50019999999995,"failureMessages":[],"meta":{}},{"ancestorTitles":["helm template — mode=istio"],"fullName":"helm template — mode=istio renders cleanly without errors","status":"passed","title":"renders cleanly without errors","duration":94.257386,"failureMessages":[],"meta":{}},{"ancestorTitles":["helm template — mode=istio"],"fullName":"helm template — mode=istio renders Sidecar resource","status":"passed","title":"renders Sidecar resource","duration":93.88683199999991,"failureMessages":[],"meta":{}},{"ancestorTitles":["helm template — mode=istio"],"fullName":"helm template — mode=istio renders all 4 built-in ServiceEntry resources","status":"passed","title":"renders all 4 built-in ServiceEntry resources","duration":100.34078,"failureMessages":[],"meta":{}},{"ancestorTitles":["helm template — mode=istio"],"fullName":"helm template — mode=istio renders Gateway and VirtualService","status":"passed","title":"renders Gateway and VirtualService","duration":98.4380500000002,"failureMessages":[],"meta":{}},{"ancestorTitles":["helm template — mode=istio"],"fullName":"helm template — mode=istio renders EnvoyFilter for ext_authz","status":"passed","title":"renders EnvoyFilter for ext_authz","duration":98.72518300000002,"failureMessages":[],"meta":{}},{"ancestorTitles":["helm template — mode=istio"],"fullName":"helm template — mode=istio Lua substitution filter in istio EnvoyFilter","status":"passed","title":"Lua substitution filter in istio EnvoyFilter","duration":97.34951799999999,"failureMessages":[],"meta":{}},{"ancestorTitles":["helm template — mode=istio"],"fullName":"helm template — mode=istio renders 5 ServiceEntry resources with one additionalDestination","status":"passed","title":"renders 5 ServiceEntry resources with one additionalDestination","duration":94.35905599999978,"failureMessages":[],"meta":{}},{"ancestorTitles":["helm template — mode=istio"],"fullName":"helm template — mode=istio renders orchestrator with sidecar.istio.io/inject=false annotation","status":"passed","title":"renders orchestrator with sidecar.istio.io/inject=false annotation","duration":95.2771160000002,"failureMessages":[],"meta":{}},{"ancestorTitles":["helm template — mode=istio"],"fullName":"helm template — mode=istio does NOT render the credential-sidecar Envoy container","status":"passed","title":"does NOT render the credential-sidecar Envoy container","duration":91.12443299999995,"failureMessages":[],"meta":{}},{"ancestorTitles":["helm template — mode=istio"],"fullName":"helm template — mode=istio renders istio-mode NetworkPolicies","status":"passed","title":"renders istio-mode NetworkPolicies","duration":101.27009000000044,"failureMessages":[],"meta":{}},{"ancestorTitles":["helm template — mode=istio"],"fullName":"helm template — mode=istio renders egress gateway Deployment","status":"passed","title":"renders egress gateway Deployment","duration":96.010624,"failureMessages":[],"meta":{}},{"ancestorTitles":["helm template — mode=istio"],"fullName":"helm template — mode=istio renders Gateway with HTTP listener on port 80 (not HTTPS PASSTHROUGH)","status":"passed","title":"renders Gateway with HTTP listener on port 80 (not HTTPS PASSTHROUGH)","duration":92.65225899999996,"failureMessages":[],"meta":{}},{"ancestorTitles":["helm template — mode=istio"],"fullName":"helm template — mode=istio renders VirtualService http: routes (not tls:)","status":"passed","title":"renders VirtualService http: routes (not tls:)","duration":91.6942570000001,"failureMessages":[],"meta":{}},{"ancestorTitles":["helm template — mode=istio"],"fullName":"helm template — mode=istio renders one DestinationRule per built-in HTTPS destination","status":"passed","title":"renders one DestinationRule per built-in HTTPS destination","duration":94.90319099999988,"failureMessages":[],"meta":{}},{"ancestorTitles":["helm template — mode=istio"],"fullName":"helm template — mode=istio renders ServiceEntry with two ports per destination (workload http + upstream tls)","status":"passed","title":"renders ServiceEntry with two ports per destination (workload http + upstream tls)","duration":93.7402790000001,"failureMessages":[],"meta":{}},{"ancestorTitles":["helm template — mode=istio"],"fullName":"helm template — mode=istio Service kubeclaw-istio-egressgateway exposes port 80 (not 443)","status":"passed","title":"Service kubeclaw-istio-egressgateway exposes port 80 (not 443)","duration":90.37777300000016,"failureMessages":[],"meta":{}},{"ancestorTitles":["helm template — mode=istio"],"fullName":"helm template — mode=istio injects http:// base URL envs into channel and capability pods","status":"passed","title":"injects http:// base URL envs into channel and capability pods","duration":100.86129400000027,"failureMessages":[],"meta":{}},{"ancestorTitles":["helm template — mode=istio","with testFixture.enabled=true"],"fullName":"helm template — mode=istio with testFixture.enabled=true renders the mock-upstream Deployment and Service","status":"passed","title":"renders the mock-upstream Deployment and Service","duration":104.19837899999993,"failureMessages":[],"meta":{}},{"ancestorTitles":["helm template — mode=istio","with testFixture.enabled=true"],"fullName":"helm template — mode=istio with testFixture.enabled=true appends a ServiceEntry + Gateway server + VS routes for mock-upstream.kubeclaw-test","status":"passed","title":"appends a ServiceEntry + Gateway server + VS routes for mock-upstream.kubeclaw-test","duration":93.3472139999999,"failureMessages":[],"meta":{}},{"ancestorTitles":["helm template — mode=istio","with testFixture.enabled=true"],"fullName":"helm template — mode=istio with testFixture.enabled=true appends a test-mock mapping to the broker ConfigMap","status":"passed","title":"appends a test-mock mapping to the broker ConfigMap","duration":91.17984200000001,"failureMessages":[],"meta":{}},{"ancestorTitles":["helm template — mode=istio","with testFixture.enabled=true"],"fullName":"helm template — mode=istio with testFixture.enabled=true renders test-mock-token in the kubeclaw-secrets Secret","status":"passed","title":"renders test-mock-token in the kubeclaw-secrets Secret","duration":93.70882799999981,"failureMessages":[],"meta":{}},{"ancestorTitles":["helm template — mode=istio","with testFixture.enabled=true"],"fullName":"helm template — mode=istio with testFixture.enabled=true does NOT render a DestinationRule for the mock (HTTP upstream)","status":"passed","title":"does NOT render a DestinationRule for the mock (HTTP upstream)","duration":95.29196500000035,"failureMessages":[],"meta":{}},{"ancestorTitles":["helm template — Lua substitution filter"],"fullName":"helm template — Lua substitution filter renders Lua substitution filter in sidecar mode ConfigMap","status":"passed","title":"renders Lua substitution filter in sidecar mode ConfigMap","duration":94.11791099999982,"failureMessages":[],"meta":{}},{"ancestorTitles":["helm template — Lua substitution filter"],"fullName":"helm template — Lua substitution filter sidecar mode Lua filter appears inside the kubeclaw-envoy-sidecar ConfigMap","status":"passed","title":"sidecar mode Lua filter appears inside the kubeclaw-envoy-sidecar ConfigMap","duration":91.25160099999994,"failureMessages":[],"meta":{}},{"ancestorTitles":["helm template — mode=sidecar (no Istio regression)"],"fullName":"helm template — mode=sidecar (no Istio regression) does NOT render Istio resources","status":"passed","title":"does NOT render Istio resources","duration":90.16242899999997,"failureMessages":[],"meta":{}},{"ancestorTitles":["helm template — mode=sidecar (no Istio regression)"],"fullName":"helm template — mode=sidecar (no Istio regression) renders credential-sidecar container","status":"passed","title":"renders credential-sidecar container","duration":91.47644299999956,"failureMessages":[],"meta":{}},{"ancestorTitles":["helm template — mode=sidecar (no Istio regression)"],"fullName":"helm template — mode=sidecar (no Istio regression) does NOT render the test fixture even if requested","status":"passed","title":"does NOT render the test fixture even if requested","duration":98.24937499999942,"failureMessages":[],"meta":{}},{"ancestorTitles":["helm template — mode=sidecar (no Istio regression)"],"fullName":"helm template — mode=sidecar (no Istio regression) renders catalog entries in credential-broker ConfigMap","status":"passed","title":"renders catalog entries in credential-broker ConfigMap","duration":91.43624199999977,"failureMessages":[],"meta":{}},{"ancestorTitles":["helm template — mode=off (no regression)"],"fullName":"helm template — mode=off (no regression) renders cleanly","status":"passed","title":"renders cleanly","duration":82.05392500000016,"failureMessages":[],"meta":{}},{"ancestorTitles":["helm template — mode=off (no regression)"],"fullName":"helm template — mode=off (no regression) does NOT render credential-broker","status":"passed","title":"does NOT render credential-broker","duration":84.94802399999935,"failureMessages":[],"meta":{}},{"ancestorTitles":["helm template — mode=off (no regression)"],"fullName":"helm template — mode=off (no regression) does NOT render any EnvoyFilter","status":"passed","title":"does NOT render any EnvoyFilter","duration":102.42352800000026,"failureMessages":[],"meta":{}},{"ancestorTitles":["helm template — story-182 RWX/RWO replica guardrail"],"fullName":"helm template — story-182 RWX/RWO replica guardrail renders HPA with maxReplicas:1 for RWO (default)","status":"passed","title":"renders HPA with maxReplicas:1 for RWO (default)","duration":86.44084999999995,"failureMessages":[],"meta":{}},{"ancestorTitles":["helm template — story-182 RWX/RWO replica guardrail"],"fullName":"helm template — story-182 RWX/RWO replica guardrail HPA annotation names the accessModes constraint","status":"passed","title":"HPA annotation names the accessModes constraint","duration":86.48156000000017,"failureMessages":[],"meta":{}},{"ancestorTitles":["helm template — story-182 RWX/RWO replica guardrail"],"fullName":"helm template — story-182 RWX/RWO replica guardrail does NOT render HPA guardrail when accessModes is RWX","status":"passed","title":"does NOT render HPA guardrail when accessModes is RWX","duration":87.34770899999967,"failureMessages":[],"meta":{}},{"ancestorTitles":["helm template — story-182 RWX/RWO replica guardrail"],"fullName":"helm template — story-182 RWX/RWO replica guardrail RWO render includes BOOTSTRAP_RUNTIME_PVC_ACCESS_MODES env var in orchestrator","status":"passed","title":"RWO render includes BOOTSTRAP_RUNTIME_PVC_ACCESS_MODES env var in orchestrator","duration":89.86221399999977,"failureMessages":[],"meta":{}},{"ancestorTitles":["helm template — story-182 RWX/RWO replica guardrail"],"fullName":"helm template — story-182 RWX/RWO replica guardrail RWX render includes BOOTSTRAP_STEADY_STATE_REPLICAS env var with custom value","status":"passed","title":"RWX render includes BOOTSTRAP_STEADY_STATE_REPLICAS env var with custom value","duration":88.66510199999993,"failureMessages":[],"meta":{}},{"ancestorTitles":["helm template — bootstrap.npmRegistry (Story 183)"],"fullName":"helm template — bootstrap.npmRegistry (Story 183) orchestrator Deployment gets BOOTSTRAP_NPM_REGISTRY env when npmRegistry is set","status":"passed","title":"orchestrator Deployment gets BOOTSTRAP_NPM_REGISTRY env when npmRegistry is set","duration":87.99018500000057,"failureMessages":[],"meta":{}},{"ancestorTitles":["helm template — bootstrap.npmRegistry (Story 183)"],"fullName":"helm template — bootstrap.npmRegistry (Story 183) orchestrator Deployment has no BOOTSTRAP_NPM_REGISTRY env when npmRegistry is empty","status":"passed","title":"orchestrator Deployment has no BOOTSTRAP_NPM_REGISTRY env when npmRegistry is empty","duration":85.65380099999948,"failureMessages":[],"meta":{}},{"ancestorTitles":["helm template — bootstrap.npmRegistry (Story 183)"],"fullName":"helm template — bootstrap.npmRegistry (Story 183) credential-broker ConfigMap gets mirror mapping when npmRegistry and secretRef are set","status":"passed","title":"credential-broker ConfigMap gets mirror mapping when npmRegistry and secretRef are set","duration":86.4892689999997,"failureMessages":[],"meta":{}},{"ancestorTitles":["helm template — bootstrap.npmRegistry (Story 183)"],"fullName":"helm template — bootstrap.npmRegistry (Story 183) credential-broker ConfigMap has no mirror mapping when npmRegistry is empty","status":"passed","title":"credential-broker ConfigMap has no mirror mapping when npmRegistry is empty","duration":94.02840899999956,"failureMessages":[],"meta":{}},{"ancestorTitles":["helm template — bootstrap.npmRegistry (Story 183)"],"fullName":"helm template — bootstrap.npmRegistry (Story 183) bootstrap NetworkPolicy removes broad port-443 allow-all when mirror and Cilium enabled","status":"passed","title":"bootstrap NetworkPolicy removes broad port-443 allow-all when mirror and Cilium enabled","duration":88.90114399999948,"failureMessages":[],"meta":{}},{"ancestorTitles":["helm template — bootstrap.npmRegistry (Story 183)"],"fullName":"helm template — bootstrap.npmRegistry (Story 183) bootstrap NetworkPolicy keeps broad port-443 rule when mirror set but Cilium disabled","status":"passed","title":"bootstrap NetworkPolicy keeps broad port-443 rule when mirror set but Cilium disabled","duration":92.19151899999997,"failureMessages":[],"meta":{}},{"ancestorTitles":["helm template — bootstrap.npmRegistry (Story 183)"],"fullName":"helm template — bootstrap.npmRegistry (Story 183) bootstrap NetworkPolicy keeps broad port-443 when npmRegistry is unset (backwards compat)","status":"passed","title":"bootstrap NetworkPolicy keeps broad port-443 when npmRegistry is unset (backwards compat)","duration":90.59053200000017,"failureMessages":[],"meta":{}},{"ancestorTitles":["helm template — bootstrap.npmRegistry (Story 183)"],"fullName":"helm template — bootstrap.npmRegistry (Story 183) CiliumNetworkPolicy kubeclaw-bootstrap-egress renders when cilium enabled and mirror set","status":"passed","title":"CiliumNetworkPolicy kubeclaw-bootstrap-egress renders when cilium enabled and mirror set","duration":86.44658900000013,"failureMessages":[],"meta":{}},{"ancestorTitles":["helm template — bootstrap.npmRegistry (Story 183)"],"fullName":"helm template — bootstrap.npmRegistry (Story 183) kubeclaw-bootstrap-egress CiliumNetworkPolicy does not render when cilium disabled","status":"passed","title":"kubeclaw-bootstrap-egress CiliumNetworkPolicy does not render when cilium disabled","duration":86.06363499999952,"failureMessages":[],"meta":{}},{"ancestorTitles":["helm template — bootstrap.npmRegistry (Story 183)"],"fullName":"helm template — bootstrap.npmRegistry (Story 183) kubeclaw-bootstrap-egress CiliumNetworkPolicy does not render when mirror is unset","status":"passed","title":"kubeclaw-bootstrap-egress CiliumNetworkPolicy does not render when mirror is unset","duration":90.08081599999969,"failureMessages":[],"meta":{}},{"ancestorTitles":["helm template — bootstrap.npmRegistry (Story 183)"],"fullName":"helm template — bootstrap.npmRegistry (Story 183) registry.npmjs.org does not appear as allowed matchName in Cilium bootstrap policy","status":"passed","title":"registry.npmjs.org does not appear as allowed matchName in Cilium bootstrap policy","duration":88.9703529999997,"failureMessages":[],"meta":{}},{"ancestorTitles":["helm template — bootstrap RBAC namespace (story-174 regression)"],"fullName":"helm template — bootstrap RBAC namespace (story-174 regression) bootstrap ServiceAccount, Role, and RoleBinding render with the release namespace, not empty","status":"passed","title":"bootstrap ServiceAccount, Role, and RoleBinding render with the release namespace, not empty","duration":93.9165350000003,"failureMessages":[],"meta":{}},{"ancestorTitles":["helm template — bootstrap RBAC namespace (story-174 regression)"],"fullName":"helm template — bootstrap RBAC namespace (story-174 regression) bootstrap RBAC resources use .Release.Namespace when .Values.namespace is unset","status":"passed","title":"bootstrap RBAC resources use .Release.Namespace when .Values.namespace is unset","duration":91.0865049999993,"failureMessages":[],"meta":{}},{"ancestorTitles":["helm template — no baked Qdrant StatefulSet (SP2 task 7)"],"fullName":"helm template — no baked Qdrant StatefulSet (SP2 task 7) does not render a baked Qdrant StatefulSet","status":"passed","title":"does not render a baked Qdrant StatefulSet","duration":86.2696449999994,"failureMessages":[],"meta":{}},{"ancestorTitles":["helm template — no baked Qdrant StatefulSet (SP2 task 7)"],"fullName":"helm template — no baked Qdrant StatefulSet (SP2 task 7) rag.enabled=true no longer resurrects a baked Qdrant (value is gone)","status":"passed","title":"rag.enabled=true no longer resurrects a baked Qdrant (value is gone)","duration":95.41135200000008,"failureMessages":[],"meta":{}},{"ancestorTitles":["channel Service independent of networkPolicy"],"fullName":"channel Service independent of networkPolicy with networkPolicy.enabled=false: renders channel Service and metrics Service, no ingress NetworkPolicy","status":"passed","title":"with networkPolicy.enabled=false: renders channel Service and metrics Service, no ingress NetworkPolicy","duration":90.58674100000007,"failureMessages":[],"meta":{}},{"ancestorTitles":["channel Service independent of networkPolicy"],"fullName":"channel Service independent of networkPolicy with networkPolicy.enabled=true: renders channel Service, metrics Service, AND ingress NetworkPolicy","status":"passed","title":"with networkPolicy.enabled=true: renders channel Service, metrics Service, AND ingress NetworkPolicy","duration":93.157107,"failureMessages":[],"meta":{}},{"ancestorTitles":["channel Service independent of networkPolicy"],"fullName":"channel Service independent of networkPolicy channel pod renders stage-runtime init container, channel-src volume, and /runtime mount","status":"passed","title":"channel pod renders stage-runtime init container, channel-src volume, and /runtime mount","duration":93.5918330000004,"failureMessages":[],"meta":{}},{"ancestorTitles":["channel manifest sidecar rendering"],"fullName":"channel manifest sidecar rendering renders the aux-backend container in the channel Deployment","status":"passed","title":"renders the aux-backend container in the channel Deployment","duration":1.715147999999317,"failureMessages":[],"meta":{}},{"ancestorTitles":["channel manifest sidecar rendering"],"fullName":"channel manifest sidecar rendering aux-backend container has hardened securityContext (no runAsUser)","status":"passed","title":"aux-backend container has hardened securityContext (no runAsUser)","duration":1.2625429999998232,"failureMessages":[],"meta":{}},{"ancestorTitles":["channel manifest sidecar rendering"],"fullName":"channel manifest sidecar rendering aux-backend container has readiness and liveness probes when healthPath set","status":"passed","title":"aux-backend container has readiness and liveness probes when healthPath set","duration":1.3239650000004985,"failureMessages":[],"meta":{}},{"ancestorTitles":["channel manifest sidecar rendering"],"fullName":"channel manifest sidecar rendering auxsession volume is added to the Deployment pod volumes","status":"passed","title":"auxsession volume is added to the Deployment pod volumes","duration":1.1524310000004334,"failureMessages":[],"meta":{}},{"ancestorTitles":["channel manifest sidecar rendering"],"fullName":"channel manifest sidecar rendering pod securityContext has fsGroup: 1000 when sidecar is present","status":"passed","title":"pod securityContext has fsGroup: 1000 when sidecar is present","duration":1.0938120000000708,"failureMessages":[],"meta":{}},{"ancestorTitles":["channel manifest sidecar rendering"],"fullName":"channel manifest sidecar rendering apiUrlEnv is injected into the channel container env","status":"passed","title":"apiUrlEnv is injected into the channel container env","duration":1.103211999999985,"failureMessages":[],"meta":{}},{"ancestorTitles":["channel manifest sidecar rendering"],"fullName":"channel manifest sidecar rendering auxsession PVC is rendered in storage.yaml","status":"passed","title":"auxsession PVC is rendered in storage.yaml","duration":1.3251829999999245,"failureMessages":[],"meta":{}},{"ancestorTitles":["channel manifest sidecar rendering"],"fullName":"channel manifest sidecar rendering per-channel sidecar-egress NetworkPolicy is rendered with declared egressPorts","status":"passed","title":"per-channel sidecar-egress NetworkPolicy is rendered with declared egressPorts","duration":0.9796909999995478,"failureMessages":[],"meta":{}},{"ancestorTitles":["channel manifest sidecar rendering"],"fullName":"channel manifest sidecar rendering channel WITHOUT a sidecar renders 1 container and no auxsession PVC","status":"passed","title":"channel WITHOUT a sidecar renders 1 container and no auxsession PVC","duration":90.51577999999972,"failureMessages":[],"meta":{}}],"startTime":1782106508570,"endTime":1782106515016.5159,"status":"passed","message":"","name":"/home/peter/projects/kubeclaw/.claude/worktrees/channel-src-exec-push/e2e/helm-chart-template.test.ts"}]}